<?xml version="1.0" encoding="UTF-8"?>
<!-- Generated by org.testng.reporters.JUnitXMLReporter -->
<testsuite ignored="1" hostname="LAPTOP-PGPBS0AG" failures="0" tests="2" name="Default test" time="10.2" errors="0" timestamp="2023-09-08T17:12:21 IST">
  <testcase classname="TestSuit.StandAloneTest" name="SubmitOrder" time="2.88"/>
  <testcase classname="TestSuit.StandAloneTest" name="SubmitOrder" time="2.743"/>
  <testcase classname="TestSuit.StandAloneTest" name="verifyOrder" time="0.0">
    <ignored/>
  </testcase> <!-- verifyOrder -->
</testsuite> <!-- Default test -->
