<?xml version="1.0" encoding="UTF-8"?>
<!-- Generated by org.testng.reporters.JUnitXMLReporter -->
<testsuite ignored="0" hostname="LAPTOP-PGPBS0AG" failures="1" tests="2" name="Error validation test" time="5.521" errors="0" timestamp="2023-09-12T17:50:30 IST">
  <testcase classname="TestSuit.ErrorValidations" name="SubmitOrder" time="0.373"/>
  <testcase classname="TestSuit.ErrorValidations" name="productErrorValidation" time="1.895">
    <failure type="junit.framework.AssertionFailedError">
      <![CDATA[junit.framework.AssertionFailedError
at junit.framework.Assert.fail(Assert.java:47)
at junit.framework.Assert.assertTrue(Assert.java:20)
at junit.framework.Assert.assertFalse(Assert.java:34)
at junit.framework.Assert.assertFalse(Assert.java:41)
at TestSuit.ErrorValidations.productErrorValidation(ErrorValidations.java:54)
at java.base/java.util.ArrayList.forEach(ArrayList.java:1511)
... Removed 25 stack frames]]>
    </failure>
  </testcase> <!-- productErrorValidation -->
</testsuite> <!-- Error validation test -->
