<?xml version="1.0" encoding="UTF-8"?>
<!-- Generated by org.testng.reporters.JUnitXMLReporter -->
<testsuite ignored="1" hostname="LAPTOP-PGPBS0AG" failures="0" tests="2" name="Standalone test" time="10.265" errors="0" timestamp="2023-09-12T17:50:24 IST">
  <testcase classname="TestSuit.StandAloneTest" name="SubmitOrder" time="2.735"/>
  <testcase classname="TestSuit.StandAloneTest" name="SubmitOrder" time="2.672"/>
  <testcase classname="TestSuit.StandAloneTest" name="verifyOrder" time="0.0">
    <ignored/>
  </testcase> <!-- verifyOrder -->
</testsuite> <!-- Standalone test -->
